<?xml version="1.0" encoding="UTF-8"?>
<!-- Generated by org.testng.reporters.JUnitReportReporter -->
<testsuite hostname="DESKTOP-8PDV9F0" failures="0" tests="3" name="httpsrequets.PUT" time="8.557" errors="0" timestamp="2023-10-04T21:17:28 IST" skipped="0">
  <testcase classname="httpsrequets.PUT" name="verifystatuscode" time="4.238"/>
  <system-out/>
  <testcase classname="httpsrequets.PUT" name="verifyname" time="2.768"/>
  <system-out/>
  <testcase classname="httpsrequets.PUT" name="vefifyid" time="1.551"/>
  <system-out/>
</testsuite> <!-- httpsrequets.PUT -->
