<?xml version="1.0" encoding="UTF-8"?>
<!-- Generated by org.testng.reporters.JUnitReportReporter -->
<testsuite hostname="DESKTOP-8PDV9F0" failures="0" tests="3" name="httpsrequets.POST" time="8.194" errors="0" timestamp="2023-10-04T19:06:16 IST" skipped="0">
  <testcase classname="httpsrequets.POST" name="verifypestatuscode" time="4.193"/>
  <system-out/>
  <testcase classname="httpsrequets.POST" name="verifypetid" time="2.501"/>
  <system-out/>
  <testcase classname="httpsrequets.POST" name="verifystatus" time="1.500"/>
  <system-out/>
</testsuite> <!-- httpsrequets.POST -->
