<?xml version="1.0" encoding="UTF-8"?>
<!-- Generated by org.testng.reporters.JUnitReportReporter -->
<testsuite hostname="DESKTOP-8PDV9F0" failures="0" tests="1" name="httpsrequets.DELETE" time="3.422" errors="0" timestamp="2023-10-04T21:29:26 IST" skipped="0">
  <testcase classname="httpsrequets.DELETE" name="verifystatuscode" time="3.422"/>
  <system-out/>
</testsuite> <!-- httpsrequets.DELETE -->
