<?xml version="1.0" encoding="UTF-8"?>
<!-- Generated by org.testng.reporters.JUnitReportReporter -->
<testsuite hostname="DESKTOP-8PDV9F0" failures="0" tests="5" name="httpsrequets.GET" time="4.997" errors="0" timestamp="2023-10-04T21:23:09 IST" skipped="0">
  <testcase classname="httpsrequets.GET" name="verifystatuscode" time="2.946"/>
  <system-out/>
  <testcase classname="httpsrequets.GET" name="verifyid" time="1.428"/>
  <system-out/>
  <testcase classname="httpsrequets.GET" name="verifyemail" time="0.215"/>
  <system-out/>
  <testcase classname="httpsrequets.GET" name="verifyfirstname" time="0.182"/>
  <system-out/>
  <testcase classname="httpsrequets.GET" name="verifylastname" time="0.226"/>
  <system-out/>
</testsuite> <!-- httpsrequets.GET -->
